stdio    D         file_stdio.c:107  file_stdio_fopen                 [   0.00000] opening C:\Users\mathe\OneDrive\Documents\Codigos\trabalho_icc\bin\Debug\allegro5.cfg r
system   D            wsystem.c:891  _al_win_safe_load_library        [   0.00000] PathFindOnPath found: C:\Windows\system32\shcore.dll
system   D            wsystem.c:797  load_library_at_path             [   0.00000] Calling LoadLibrary C:\Windows\system32\shcore.dll
system   I            wsystem.c:800  load_library_at_path             [   0.00000] Loaded C:\Windows\system32\shcore.dll
system   I             system.c:272  al_install_system                [   0.00000] Allegro version: 5.2.10
audio-dsound I           dsound.cpp:275  _dsound_open                     [   0.00041] Starting DirectSound...
audio-dsound D           dsound.cpp:288  _dsound_open                     [   0.06420] DirectSoundCreate8 succeeded
audio-dsound I           dsound.cpp:77   get_window                       [   0.06427] Using desktop window: 0000000000010010
audio    I              audio.c:391  do_install_audio                 [   0.06445] Using DirectSound driver
system   D            wsystem.c:891  _al_win_safe_load_library        [   0.06480] PathFindOnPath found: C:\Windows\system32\d3d9.dll
system   D            wsystem.c:797  load_library_at_path             [   0.06483] Calling LoadLibrary C:\Windows\system32\d3d9.dll
system   I            wsystem.c:800  load_library_at_path             [   0.06704] Loaded C:\Windows\system32\d3d9.dll
d3d      I         d3d_disp.cpp:679  d3d_init_display                 [   0.13447] Render-to-texture: 1
d3d      I         d3d_disp.cpp:1780 d3d_create_display_locked        [   0.13615] faux_fullscreen=0
d3d      D         d3d_disp.cpp:1781 d3d_create_display_locked        [   0.13620] al_display=00000000010aa190
d3d      D         d3d_disp.cpp:1782 d3d_create_display_locked        [   0.13622] al_display->vt=00000000010aa010
d3d      I d3d_display_formats.cpp:144  _al_d3d_generate_display_format_list [   0.14141] found 160 format combinations
display  D   display_settings.c:214  debug_display_settings           [   0.14147] color: 32 (rgba 8880), depth: 0, stencil: 0, acc: 0000, samples: 0/0
display  D   display_settings.c:529  _al_score_display_settings       [   0.14152] Score is : 897
display  D   display_settings.c:214  debug_display_settings           [   0.14155] color: 32 (rgba 8880), depth: 0, stencil: 0, acc: 0000, samples: 0/0
display  D   display_settings.c:529  _al_score_display_settings       [   0.14157] Score is : 897
display  D   display_settings.c:214  debug_display_settings           [   0.14159] color: 32 (rgba 8880), depth: 0, stencil: 0, acc: 0000, samples: 2/1
display  D   display_settings.c:529  _al_score_display_settings       [   0.14162] Score is : 726
display  D   display_settings.c:214  debug_display_settings           [   0.14163] color: 32 (rgba 8880), depth: 0, stencil: 0, acc: 0000, samples: 3/1
display  D   display_settings.c:529  _al_score_display_settings       [   0.14165] Score is : 721
display  D   display_settings.c:214  debug_display_settings           [   0.14167] color: 32 (rgba 8880), depth: 0, stencil: 0, acc: 0000, samples: 4/1
display  D   display_settings.c:529  _al_score_display_settings       [   0.14169] Score is : 717
display  D   display_settings.c:214  debug_display_settings           [   0.14171] color: 32 (rgba 8880), depth: 24, stencil: 8, acc: 0000, samples: 0/0
display  D   display_settings.c:529  _al_score_display_settings       [   0.14173] Score is : 897
display  D   display_settings.c:214  debug_display_settings           [   0.14175] color: 32 (rgba 8880), depth: 24, stencil: 8, acc: 0000, samples: 0/0
display  D   display_settings.c:529  _al_score_display_settings       [   0.14177] Score is : 897
display  D   display_settings.c:214  debug_display_settings           [   0.14179] color: 32 (rgba 8880), depth: 24, stencil: 8, acc: 0000, samples: 2/1
display  D   display_settings.c:529  _al_score_display_settings       [   0.14181] Score is : 726
display  D   display_settings.c:214  debug_display_settings           [   0.14188] color: 32 (rgba 8880), depth: 24, stencil: 8, acc: 0000, samples: 3/1
display  D   display_settings.c:529  _al_score_display_settings       [   0.14191] Score is : 721
display  D   display_settings.c:214  debug_display_settings           [   0.14194] color: 32 (rgba 8880), depth: 24, stencil: 8, acc: 0000, samples: 4/1
display  D   display_settings.c:529  _al_score_display_settings       [   0.14196] Score is : 717
display  D   display_settings.c:214  debug_display_settings           [   0.14198] color: 32 (rgba 8880), depth: 24, stencil: 0, acc: 0000, samples: 0/0
display  D   display_settings.c:529  _al_score_display_settings       [   0.14200] Score is : 897
display  D   display_settings.c:214  debug_display_settings           [   0.14202] color: 32 (rgba 8880), depth: 24, stencil: 0, acc: 0000, samples: 0/0
display  D   display_settings.c:529  _al_score_display_settings       [   0.14204] Score is : 897
display  D   display_settings.c:214  debug_display_settings           [   0.14205] color: 32 (rgba 8880), depth: 24, stencil: 0, acc: 0000, samples: 2/1
display  D   display_settings.c:529  _al_score_display_settings       [   0.14207] Score is : 726
display  D   display_settings.c:214  debug_display_settings           [   0.14209] color: 32 (rgba 8880), depth: 24, stencil: 0, acc: 0000, samples: 3/1
display  D   display_settings.c:529  _al_score_display_settings       [   0.14211] Score is : 721
display  D   display_settings.c:214  debug_display_settings           [   0.14213] color: 32 (rgba 8880), depth: 24, stencil: 0, acc: 0000, samples: 4/1
display  D   display_settings.c:529  _al_score_display_settings       [   0.14215] Score is : 717
display  D   display_settings.c:214  debug_display_settings           [   0.14217] color: 32 (rgba 8880), depth: 16, stencil: 0, acc: 0000, samples: 0/0
display  D   display_settings.c:529  _al_score_display_settings       [   0.14219] Score is : 897
display  D   display_settings.c:214  debug_display_settings           [   0.14221] color: 32 (rgba 8880), depth: 16, stencil: 0, acc: 0000, samples: 0/0
display  D   display_settings.c:529  _al_score_display_settings       [   0.14223] Score is : 897
display  D   display_settings.c:214  debug_display_settings           [   0.14225] color: 32 (rgba 8880), depth: 16, stencil: 0, acc: 0000, samples: 2/1
display  D   display_settings.c:529  _al_score_display_settings       [   0.14227] Score is : 726
display  D   display_settings.c:214  debug_display_settings           [   0.14229] color: 32 (rgba 8880), depth: 16, stencil: 0, acc: 0000, samples: 3/1
display  D   display_settings.c:529  _al_score_display_settings       [   0.14231] Score is : 721
display  D   display_settings.c:214  debug_display_settings           [   0.14233] color: 32 (rgba 8880), depth: 16, stencil: 0, acc: 0000, samples: 4/1
display  D   display_settings.c:529  _al_score_display_settings       [   0.14235] Score is : 717
display  D   display_settings.c:214  debug_display_settings           [   0.14236] color: 16 (rgba 5650), depth: 0, stencil: 0, acc: 0000, samples: 0/0
display  D   display_settings.c:529  _al_score_display_settings       [   0.14238] Score is : 897
display  D   display_settings.c:214  debug_display_settings           [   0.14240] color: 16 (rgba 5650), depth: 0, stencil: 0, acc: 0000, samples: 0/0
display  D   display_settings.c:529  _al_score_display_settings       [   0.14242] Score is : 897
display  D   display_settings.c:214  debug_display_settings           [   0.14244] color: 16 (rgba 5650), depth: 0, stencil: 0, acc: 0000, samples: 2/1
display  D   display_settings.c:529  _al_score_display_settings       [   0.14246] Score is : 726
display  D   display_settings.c:214  debug_display_settings           [   0.14248] color: 16 (rgba 5650), depth: 0, stencil: 0, acc: 0000, samples: 3/1
display  D   display_settings.c:529  _al_score_display_settings       [   0.14250] Score is : 721
display  D   display_settings.c:214  debug_display_settings           [   0.14252] color: 16 (rgba 5650), depth: 0, stencil: 0, acc: 0000, samples: 4/1
display  D   display_settings.c:529  _al_score_display_settings       [   0.14254] Score is : 717
display  D   display_settings.c:214  debug_display_settings           [   0.14256] color: 16 (rgba 5650), depth: 24, stencil: 8, acc: 0000, samples: 0/0
display  D   display_settings.c:529  _al_score_display_settings       [   0.14258] Score is : 897
display  D   display_settings.c:214  debug_display_settings           [   0.14262] color: 16 (rgba 5650), depth: 24, stencil: 8, acc: 0000, samples: 0/0
display  D   display_settings.c:529  _al_score_display_settings       [   0.14266] Score is : 897
display  D   display_settings.c:214  debug_display_settings           [   0.14270] color: 16 (rgba 5650), depth: 24, stencil: 8, acc: 0000, samples: 2/1
display  D   display_settings.c:529  _al_score_display_settings       [   0.14273] Score is : 726
display  D   display_settings.c:214  debug_display_settings           [   0.14275] color: 16 (rgba 5650), depth: 24, stencil: 8, acc: 0000, samples: 3/1
display  D   display_settings.c:529  _al_score_display_settings       [   0.14277] Score is : 721
display  D   display_settings.c:214  debug_display_settings           [   0.14279] color: 16 (rgba 5650), depth: 24, stencil: 8, acc: 0000, samples: 4/1
display  D   display_settings.c:529  _al_score_display_settings       [   0.14281] Score is : 717
display  D   display_settings.c:214  debug_display_settings           [   0.14283] color: 16 (rgba 5650), depth: 24, stencil: 0, acc: 0000, samples: 0/0
display  D   display_settings.c:529  _al_score_display_settings       [   0.14285] Score is : 897
display  D   display_settings.c:214  debug_display_settings           [   0.14287] color: 16 (rgba 5650), depth: 24, stencil: 0, acc: 0000, samples: 0/0
display  D   display_settings.c:529  _al_score_display_settings       [   0.14289] Score is : 897
display  D   display_settings.c:214  debug_display_settings           [   0.14291] color: 16 (rgba 5650), depth: 24, stencil: 0, acc: 0000, samples: 2/1
display  D   display_settings.c:529  _al_score_display_settings       [   0.14294] Score is : 726
display  D   display_settings.c:214  debug_display_settings           [   0.14296] color: 16 (rgba 5650), depth: 24, stencil: 0, acc: 0000, samples: 3/1
display  D   display_settings.c:529  _al_score_display_settings       [   0.14298] Score is : 721
display  D   display_settings.c:214  debug_display_settings           [   0.14300] color: 16 (rgba 5650), depth: 24, stencil: 0, acc: 0000, samples: 4/1
display  D   display_settings.c:529  _al_score_display_settings       [   0.14302] Score is : 717
display  D   display_settings.c:214  debug_display_settings           [   0.14303] color: 16 (rgba 5650), depth: 16, stencil: 0, acc: 0000, samples: 0/0
display  D   display_settings.c:529  _al_score_display_settings       [   0.14305] Score is : 897
display  D   display_settings.c:214  debug_display_settings           [   0.14307] color: 16 (rgba 5650), depth: 16, stencil: 0, acc: 0000, samples: 0/0
display  D   display_settings.c:529  _al_score_display_settings       [   0.14309] Score is : 897
display  D   display_settings.c:214  debug_display_settings           [   0.14311] color: 16 (rgba 5650), depth: 16, stencil: 0, acc: 0000, samples: 2/1
display  D   display_settings.c:529  _al_score_display_settings       [   0.14313] Score is : 726
display  D   display_settings.c:214  debug_display_settings           [   0.14315] color: 16 (rgba 5650), depth: 16, stencil: 0, acc: 0000, samples: 3/1
display  D   display_settings.c:529  _al_score_display_settings       [   0.14317] Score is : 721
display  D   display_settings.c:214  debug_display_settings           [   0.14319] color: 16 (rgba 5650), depth: 16, stencil: 0, acc: 0000, samples: 4/1
display  D   display_settings.c:529  _al_score_display_settings       [   0.14321] Score is : 717
display  D   display_settings.c:214  debug_display_settings           [   0.14323] color: 32 (rgba 8880), depth: 0, stencil: 0, acc: 0000, samples: 0/0
display  D   display_settings.c:400  _al_score_display_settings       [   0.14325] Single Buffer requirement not met.
display  D   display_settings.c:214  debug_display_settings           [   0.14327] color: 32 (rgba 8880), depth: 0, stencil: 0, acc: 0000, samples: 0/0
display  D   display_settings.c:400  _al_score_display_settings       [   0.14329] Single Buffer requirement not met.
display  D   display_settings.c:214  debug_display_settings           [   0.14331] color: 32 (rgba 8880), depth: 0, stencil: 0, acc: 0000, samples: 2/1
display  D   display_settings.c:400  _al_score_display_settings       [   0.14333] Single Buffer requirement not met.
display  D   display_settings.c:214  debug_display_settings           [   0.14335] color: 32 (rgba 8880), depth: 0, stencil: 0, acc: 0000, samples: 3/1
display  D   display_settings.c:400  _al_score_display_settings       [   0.14337] Single Buffer requirement not met.
display  D   display_settings.c:214  debug_display_settings           [   0.14339] color: 32 (rgba 8880), depth: 0, stencil: 0, acc: 0000, samples: 4/1
display  D   display_settings.c:400  _al_score_display_settings       [   0.14341] Single Buffer requirement not met.
display  D   display_settings.c:214  debug_display_settings           [   0.14343] color: 32 (rgba 8880), depth: 24, stencil: 8, acc: 0000, samples: 0/0
display  D   display_settings.c:400  _al_score_display_settings       [   0.14345] Single Buffer requirement not met.
display  D   display_settings.c:214  debug_display_settings           [   0.14347] color: 32 (rgba 8880), depth: 24, stencil: 8, acc: 0000, samples: 0/0
display  D   display_settings.c:400  _al_score_display_settings       [   0.14349] Single Buffer requirement not met.
display  D   display_settings.c:214  debug_display_settings           [   0.14351] color: 32 (rgba 8880), depth: 24, stencil: 8, acc: 0000, samples: 2/1
display  D   display_settings.c:400  _al_score_display_settings       [   0.14353] Single Buffer requirement not met.
display  D   display_settings.c:214  debug_display_settings           [   0.14354] color: 32 (rgba 8880), depth: 24, stencil: 8, acc: 0000, samples: 3/1
display  D   display_settings.c:400  _al_score_display_settings       [   0.14356] Single Buffer requirement not met.
display  D   display_settings.c:214  debug_display_settings           [   0.14358] color: 32 (rgba 8880), depth: 24, stencil: 8, acc: 0000, samples: 4/1
display  D   display_settings.c:400  _al_score_display_settings       [   0.14360] Single Buffer requirement not met.
display  D   display_settings.c:214  debug_display_settings           [   0.14362] color: 32 (rgba 8880), depth: 24, stencil: 0, acc: 0000, samples: 0/0
display  D   display_settings.c:400  _al_score_display_settings       [   0.14364] Single Buffer requirement not met.
display  D   display_settings.c:214  debug_display_settings           [   0.14366] color: 32 (rgba 8880), depth: 24, stencil: 0, acc: 0000, samples: 0/0
display  D   display_settings.c:400  _al_score_display_settings       [   0.14368] Single Buffer requirement not met.
display  D   display_settings.c:214  debug_display_settings           [   0.14370] color: 32 (rgba 8880), depth: 24, stencil: 0, acc: 0000, samples: 2/1
display  D   display_settings.c:400  _al_score_display_settings       [   0.14372] Single Buffer requirement not met.
display  D   display_settings.c:214  debug_display_settings           [   0.14374] color: 32 (rgba 8880), depth: 24, stencil: 0, acc: 0000, samples: 3/1
display  D   display_settings.c:400  _al_score_display_settings       [   0.14376] Single Buffer requirement not met.
display  D   display_settings.c:214  debug_display_settings           [   0.14378] color: 32 (rgba 8880), depth: 24, stencil: 0, acc: 0000, samples: 4/1
display  D   display_settings.c:400  _al_score_display_settings       [   0.14380] Single Buffer requirement not met.
display  D   display_settings.c:214  debug_display_settings           [   0.14382] color: 32 (rgba 8880), depth: 16, stencil: 0, acc: 0000, samples: 0/0
display  D   display_settings.c:400  _al_score_display_settings       [   0.14389] Single Buffer requirement not met.
display  D   display_settings.c:214  debug_display_settings           [   0.14392] color: 32 (rgba 8880), depth: 16, stencil: 0, acc: 0000, samples: 0/0
display  D   display_settings.c:400  _al_score_display_settings       [   0.14394] Single Buffer requirement not met.
display  D   display_settings.c:214  debug_display_settings           [   0.14399] color: 32 (rgba 8880), depth: 16, stencil: 0, acc: 0000, samples: 2/1
display  D   display_settings.c:400  _al_score_display_settings       [   0.14401] Single Buffer requirement not met.
display  D   display_settings.c:214  debug_display_settings           [   0.14402] color: 32 (rgba 8880), depth: 16, stencil: 0, acc: 0000, samples: 3/1
display  D   display_settings.c:400  _al_score_display_settings       [   0.14404] Single Buffer requirement not met.
display  D   display_settings.c:214  debug_display_settings           [   0.14406] color: 32 (rgba 8880), depth: 16, stencil: 0, acc: 0000, samples: 4/1
display  D   display_settings.c:400  _al_score_display_settings       [   0.14408] Single Buffer requirement not met.
display  D   display_settings.c:214  debug_display_settings           [   0.14410] color: 16 (rgba 5650), depth: 0, stencil: 0, acc: 0000, samples: 0/0
display  D   display_settings.c:400  _al_score_display_settings       [   0.14412] Single Buffer requirement not met.
display  D   display_settings.c:214  debug_display_settings           [   0.14414] color: 16 (rgba 5650), depth: 0, stencil: 0, acc: 0000, samples: 0/0
display  D   display_settings.c:400  _al_score_display_settings       [   0.14416] Single Buffer requirement not met.
display  D   display_settings.c:214  debug_display_settings           [   0.14418] color: 16 (rgba 5650), depth: 0, stencil: 0, acc: 0000, samples: 2/1
display  D   display_settings.c:400  _al_score_display_settings       [   0.14420] Single Buffer requirement not met.
display  D   display_settings.c:214  debug_display_settings           [   0.14422] color: 16 (rgba 5650), depth: 0, stencil: 0, acc: 0000, samples: 3/1
display  D   display_settings.c:400  _al_score_display_settings       [   0.14424] Single Buffer requirement not met.
display  D   display_settings.c:214  debug_display_settings           [   0.14425] color: 16 (rgba 5650), depth: 0, stencil: 0, acc: 0000, samples: 4/1
display  D   display_settings.c:400  _al_score_display_settings       [   0.14427] Single Buffer requirement not met.
display  D   display_settings.c:214  debug_display_settings           [   0.14429] color: 16 (rgba 5650), depth: 24, stencil: 8, acc: 0000, samples: 0/0
display  D   display_settings.c:400  _al_score_display_settings       [   0.14431] Single Buffer requirement not met.
display  D   display_settings.c:214  debug_display_settings           [   0.14433] color: 16 (rgba 5650), depth: 24, stencil: 8, acc: 0000, samples: 0/0
display  D   display_settings.c:400  _al_score_display_settings       [   0.14435] Single Buffer requirement not met.
display  D   display_settings.c:214  debug_display_settings           [   0.14437] color: 16 (rgba 5650), depth: 24, stencil: 8, acc: 0000, samples: 2/1
display  D   display_settings.c:400  _al_score_display_settings       [   0.14439] Single Buffer requirement not met.
display  D   display_settings.c:214  debug_display_settings           [   0.14441] color: 16 (rgba 5650), depth: 24, stencil: 8, acc: 0000, samples: 3/1
display  D   display_settings.c:400  _al_score_display_settings       [   0.14443] Single Buffer requirement not met.
display  D   display_settings.c:214  debug_display_settings           [   0.14445] color: 16 (rgba 5650), depth: 24, stencil: 8, acc: 0000, samples: 4/1
display  D   display_settings.c:400  _al_score_display_settings       [   0.14447] Single Buffer requirement not met.
display  D   display_settings.c:214  debug_display_settings           [   0.14448] color: 16 (rgba 5650), depth: 24, stencil: 0, acc: 0000, samples: 0/0
display  D   display_settings.c:400  _al_score_display_settings       [   0.14451] Single Buffer requirement not met.
display  D   display_settings.c:214  debug_display_settings           [   0.14453] color: 16 (rgba 5650), depth: 24, stencil: 0, acc: 0000, samples: 0/0
display  D   display_settings.c:400  _al_score_display_settings       [   0.14455] Single Buffer requirement not met.
display  D   display_settings.c:214  debug_display_settings           [   0.14457] color: 16 (rgba 5650), depth: 24, stencil: 0, acc: 0000, samples: 2/1
display  D   display_settings.c:400  _al_score_display_settings       [   0.14458] Single Buffer requirement not met.
display  D   display_settings.c:214  debug_display_settings           [   0.14460] color: 16 (rgba 5650), depth: 24, stencil: 0, acc: 0000, samples: 3/1
display  D   display_settings.c:400  _al_score_display_settings       [   0.14462] Single Buffer requirement not met.
display  D   display_settings.c:214  debug_display_settings           [   0.14464] color: 16 (rgba 5650), depth: 24, stencil: 0, acc: 0000, samples: 4/1
display  D   display_settings.c:400  _al_score_display_settings       [   0.14466] Single Buffer requirement not met.
display  D   display_settings.c:214  debug_display_settings           [   0.14468] color: 16 (rgba 5650), depth: 16, stencil: 0, acc: 0000, samples: 0/0
display  D   display_settings.c:400  _al_score_display_settings       [   0.14470] Single Buffer requirement not met.
display  D   display_settings.c:214  debug_display_settings           [   0.14472] color: 16 (rgba 5650), depth: 16, stencil: 0, acc: 0000, samples: 0/0
display  D   display_settings.c:400  _al_score_display_settings       [   0.14474] Single Buffer requirement not met.
display  D   display_settings.c:214  debug_display_settings           [   0.14476] color: 16 (rgba 5650), depth: 16, stencil: 0, acc: 0000, samples: 2/1
display  D   display_settings.c:400  _al_score_display_settings       [   0.14478] Single Buffer requirement not met.
display  D   display_settings.c:214  debug_display_settings           [   0.14480] color: 16 (rgba 5650), depth: 16, stencil: 0, acc: 0000, samples: 3/1
display  D   display_settings.c:400  _al_score_display_settings       [   0.14482] Single Buffer requirement not met.
display  D   display_settings.c:214  debug_display_settings           [   0.14483] color: 16 (rgba 5650), depth: 16, stencil: 0, acc: 0000, samples: 4/1
display  D   display_settings.c:400  _al_score_display_settings       [   0.14485] Single Buffer requirement not met.
display  D   display_settings.c:214  debug_display_settings           [   0.14487] color: 32 (rgba 8880), depth: 0, stencil: 0, acc: 0000, samples: 0/0
display  D   display_settings.c:529  _al_score_display_settings       [   0.14489] Score is : 769
display  D   display_settings.c:214  debug_display_settings           [   0.14491] color: 32 (rgba 8880), depth: 0, stencil: 0, acc: 0000, samples: 0/0
display  D   display_settings.c:529  _al_score_display_settings       [   0.14494] Score is : 769
display  D   display_settings.c:214  debug_display_settings           [   0.14495] color: 32 (rgba 8880), depth: 0, stencil: 0, acc: 0000, samples: 2/1
display  D   display_settings.c:529  _al_score_display_settings       [   0.14497] Score is : 598
display  D   display_settings.c:214  debug_display_settings           [   0.14499] color: 32 (rgba 8880), depth: 0, stencil: 0, acc: 0000, samples: 3/1
display  D   display_settings.c:529  _al_score_display_settings       [   0.14501] Score is : 593
display  D   display_settings.c:214  debug_display_settings           [   0.14503] color: 32 (rgba 8880), depth: 0, stencil: 0, acc: 0000, samples: 4/1
display  D   display_settings.c:529  _al_score_display_settings       [   0.14505] Score is : 589
display  D   display_settings.c:214  debug_display_settings           [   0.14507] color: 32 (rgba 8880), depth: 24, stencil: 8, acc: 0000, samples: 0/0
display  D   display_settings.c:529  _al_score_display_settings       [   0.14509] Score is : 769
display  D   display_settings.c:214  debug_display_settings           [   0.14511] color: 32 (rgba 8880), depth: 24, stencil: 8, acc: 0000, samples: 0/0
display  D   display_settings.c:529  _al_score_display_settings       [   0.14514] Score is : 769
display  D   display_settings.c:214  debug_display_settings           [   0.14516] color: 32 (rgba 8880), depth: 24, stencil: 8, acc: 0000, samples: 2/1
display  D   display_settings.c:529  _al_score_display_settings       [   0.14517] Score is : 598
display  D   display_settings.c:214  debug_display_settings           [   0.14519] color: 32 (rgba 8880), depth: 24, stencil: 8, acc: 0000, samples: 3/1
display  D   display_settings.c:529  _al_score_display_settings       [   0.14521] Score is : 593
display  D   display_settings.c:214  debug_display_settings           [   0.14523] color: 32 (rgba 8880), depth: 24, stencil: 8, acc: 0000, samples: 4/1
display  D   display_settings.c:529  _al_score_display_settings       [   0.14525] Score is : 589
display  D   display_settings.c:214  debug_display_settings           [   0.14527] color: 32 (rgba 8880), depth: 24, stencil: 0, acc: 0000, samples: 0/0
display  D   display_settings.c:529  _al_score_display_settings       [   0.14529] Score is : 769
display  D   display_settings.c:214  debug_display_settings           [   0.14531] color: 32 (rgba 8880), depth: 24, stencil: 0, acc: 0000, samples: 0/0
display  D   display_settings.c:529  _al_score_display_settings       [   0.14533] Score is : 769
display  D   display_settings.c:214  debug_display_settings           [   0.14535] color: 32 (rgba 8880), depth: 24, stencil: 0, acc: 0000, samples: 2/1
display  D   display_settings.c:529  _al_score_display_settings       [   0.14537] Score is : 598
display  D   display_settings.c:214  debug_display_settings           [   0.14539] color: 32 (rgba 8880), depth: 24, stencil: 0, acc: 0000, samples: 3/1
display  D   display_settings.c:529  _al_score_display_settings       [   0.14541] Score is : 593
display  D   display_settings.c:214  debug_display_settings           [   0.14543] color: 32 (rgba 8880), depth: 24, stencil: 0, acc: 0000, samples: 4/1
display  D   display_settings.c:529  _al_score_display_settings       [   0.14545] Score is : 589
display  D   display_settings.c:214  debug_display_settings           [   0.14547] color: 32 (rgba 8880), depth: 16, stencil: 0, acc: 0000, samples: 0/0
display  D   display_settings.c:529  _al_score_display_settings       [   0.14549] Score is : 769
display  D   display_settings.c:214  debug_display_settings           [   0.14550] color: 32 (rgba 8880), depth: 16, stencil: 0, acc: 0000, samples: 0/0
display  D   display_settings.c:529  _al_score_display_settings       [   0.14552] Score is : 769
display  D   display_settings.c:214  debug_display_settings           [   0.14554] color: 32 (rgba 8880), depth: 16, stencil: 0, acc: 0000, samples: 2/1
display  D   display_settings.c:529  _al_score_display_settings       [   0.14556] Score is : 598
display  D   display_settings.c:214  debug_display_settings           [   0.14558] color: 32 (rgba 8880), depth: 16, stencil: 0, acc: 0000, samples: 3/1
display  D   display_settings.c:529  _al_score_display_settings       [   0.14560] Score is : 593
display  D   display_settings.c:214  debug_display_settings           [   0.14562] color: 32 (rgba 8880), depth: 16, stencil: 0, acc: 0000, samples: 4/1
display  D   display_settings.c:529  _al_score_display_settings       [   0.14564] Score is : 589
display  D   display_settings.c:214  debug_display_settings           [   0.14566] color: 16 (rgba 5650), depth: 0, stencil: 0, acc: 0000, samples: 0/0
display  D   display_settings.c:529  _al_score_display_settings       [   0.14568] Score is : 769
display  D   display_settings.c:214  debug_display_settings           [   0.14570] color: 16 (rgba 5650), depth: 0, stencil: 0, acc: 0000, samples: 0/0
display  D   display_settings.c:529  _al_score_display_settings       [   0.14572] Score is : 769
display  D   display_settings.c:214  debug_display_settings           [   0.14574] color: 16 (rgba 5650), depth: 0, stencil: 0, acc: 0000, samples: 2/1
display  D   display_settings.c:529  _al_score_display_settings       [   0.14576] Score is : 598
display  D   display_settings.c:214  debug_display_settings           [   0.14578] color: 16 (rgba 5650), depth: 0, stencil: 0, acc: 0000, samples: 3/1
display  D   display_settings.c:529  _al_score_display_settings       [   0.14580] Score is : 593
display  D   display_settings.c:214  debug_display_settings           [   0.14582] color: 16 (rgba 5650), depth: 0, stencil: 0, acc: 0000, samples: 4/1
display  D   display_settings.c:529  _al_score_display_settings       [   0.14584] Score is : 589
display  D   display_settings.c:214  debug_display_settings           [   0.14586] color: 16 (rgba 5650), depth: 24, stencil: 8, acc: 0000, samples: 0/0
display  D   display_settings.c:529  _al_score_display_settings       [   0.14588] Score is : 769
display  D   display_settings.c:214  debug_display_settings           [   0.14589] color: 16 (rgba 5650), depth: 24, stencil: 8, acc: 0000, samples: 0/0
display  D   display_settings.c:529  _al_score_display_settings       [   0.14591] Score is : 769
display  D   display_settings.c:214  debug_display_settings           [   0.14594] color: 16 (rgba 5650), depth: 24, stencil: 8, acc: 0000, samples: 2/1
display  D   display_settings.c:529  _al_score_display_settings       [   0.14596] Score is : 598
display  D   display_settings.c:214  debug_display_settings           [   0.14598] color: 16 (rgba 5650), depth: 24, stencil: 8, acc: 0000, samples: 3/1
display  D   display_settings.c:529  _al_score_display_settings       [   0.14600] Score is : 593
display  D   display_settings.c:214  debug_display_settings           [   0.14602] color: 16 (rgba 5650), depth: 24, stencil: 8, acc: 0000, samples: 4/1
display  D   display_settings.c:529  _al_score_display_settings       [   0.14604] Score is : 589
display  D   display_settings.c:214  debug_display_settings           [   0.14606] color: 16 (rgba 5650), depth: 24, stencil: 0, acc: 0000, samples: 0/0
display  D   display_settings.c:529  _al_score_display_settings       [   0.14608] Score is : 769
display  D   display_settings.c:214  debug_display_settings           [   0.14609] color: 16 (rgba 5650), depth: 24, stencil: 0, acc: 0000, samples: 0/0
display  D   display_settings.c:529  _al_score_display_settings       [   0.14611] Score is : 769
display  D   display_settings.c:214  debug_display_settings           [   0.14613] color: 16 (rgba 5650), depth: 24, stencil: 0, acc: 0000, samples: 2/1
display  D   display_settings.c:529  _al_score_display_settings       [   0.14615] Score is : 598
display  D   display_settings.c:214  debug_display_settings           [   0.14617] color: 16 (rgba 5650), depth: 24, stencil: 0, acc: 0000, samples: 3/1
display  D   display_settings.c:529  _al_score_display_settings       [   0.14619] Score is : 593
display  D   display_settings.c:214  debug_display_settings           [   0.14621] color: 16 (rgba 5650), depth: 24, stencil: 0, acc: 0000, samples: 4/1
display  D   display_settings.c:529  _al_score_display_settings       [   0.14623] Score is : 589
display  D   display_settings.c:214  debug_display_settings           [   0.14625] color: 16 (rgba 5650), depth: 16, stencil: 0, acc: 0000, samples: 0/0
display  D   display_settings.c:529  _al_score_display_settings       [   0.14627] Score is : 769
display  D   display_settings.c:214  debug_display_settings           [   0.14629] color: 16 (rgba 5650), depth: 16, stencil: 0, acc: 0000, samples: 0/0
display  D   display_settings.c:529  _al_score_display_settings       [   0.14631] Score is : 769
display  D   display_settings.c:214  debug_display_settings           [   0.14633] color: 16 (rgba 5650), depth: 16, stencil: 0, acc: 0000, samples: 2/1
display  D   display_settings.c:529  _al_score_display_settings       [   0.14635] Score is : 598
display  D   display_settings.c:214  debug_display_settings           [   0.14637] color: 16 (rgba 5650), depth: 16, stencil: 0, acc: 0000, samples: 3/1
display  D   display_settings.c:529  _al_score_display_settings       [   0.14642] Score is : 593
display  D   display_settings.c:214  debug_display_settings           [   0.14645] color: 16 (rgba 5650), depth: 16, stencil: 0, acc: 0000, samples: 4/1
display  D   display_settings.c:529  _al_score_display_settings       [   0.14647] Score is : 589
display  D   display_settings.c:214  debug_display_settings           [   0.14649] color: 32 (rgba 8880), depth: 0, stencil: 0, acc: 0000, samples: 0/0
display  D   display_settings.c:400  _al_score_display_settings       [   0.14656] Single Buffer requirement not met.
display  D   display_settings.c:214  debug_display_settings           [   0.14658] color: 32 (rgba 8880), depth: 0, stencil: 0, acc: 0000, samples: 0/0
display  D   display_settings.c:400  _al_score_display_settings       [   0.14660] Single Buffer requirement not met.
display  D   display_settings.c:214  debug_display_settings           [   0.14662] color: 32 (rgba 8880), depth: 0, stencil: 0, acc: 0000, samples: 2/1
display  D   display_settings.c:400  _al_score_display_settings       [   0.14664] Single Buffer requirement not met.
display  D   display_settings.c:214  debug_display_settings           [   0.14666] color: 32 (rgba 8880), depth: 0, stencil: 0, acc: 0000, samples: 3/1
display  D   display_settings.c:400  _al_score_display_settings       [   0.14668] Single Buffer requirement not met.
display  D   display_settings.c:214  debug_display_settings           [   0.14670] color: 32 (rgba 8880), depth: 0, stencil: 0, acc: 0000, samples: 4/1
display  D   display_settings.c:400  _al_score_display_settings       [   0.14672] Single Buffer requirement not met.
display  D   display_settings.c:214  debug_display_settings           [   0.14674] color: 32 (rgba 8880), depth: 24, stencil: 8, acc: 0000, samples: 0/0
display  D   display_settings.c:400  _al_score_display_settings       [   0.14676] Single Buffer requirement not met.
display  D   display_settings.c:214  debug_display_settings           [   0.14678] color: 32 (rgba 8880), depth: 24, stencil: 8, acc: 0000, samples: 0/0
display  D   display_settings.c:400  _al_score_display_settings       [   0.14680] Single Buffer requirement not met.
display  D   display_settings.c:214  debug_display_settings           [   0.14682] color: 32 (rgba 8880), depth: 24, stencil: 8, acc: 0000, samples: 2/1
display  D   display_settings.c:400  _al_score_display_settings       [   0.14684] Single Buffer requirement not met.
display  D   display_settings.c:214  debug_display_settings           [   0.14685] color: 32 (rgba 8880), depth: 24, stencil: 8, acc: 0000, samples: 3/1
display  D   display_settings.c:400  _al_score_display_settings       [   0.14687] Single Buffer requirement not met.
display  D   display_settings.c:214  debug_display_settings           [   0.14689] color: 32 (rgba 8880), depth: 24, stencil: 8, acc: 0000, samples: 4/1
display  D   display_settings.c:400  _al_score_display_settings       [   0.14691] Single Buffer requirement not met.
display  D   display_settings.c:214  debug_display_settings           [   0.14694] color: 32 (rgba 8880), depth: 24, stencil: 0, acc: 0000, samples: 0/0
display  D   display_settings.c:400  _al_score_display_settings       [   0.14696] Single Buffer requirement not met.
display  D   display_settings.c:214  debug_display_settings           [   0.14698] color: 32 (rgba 8880), depth: 24, stencil: 0, acc: 0000, samples: 0/0
display  D   display_settings.c:400  _al_score_display_settings       [   0.14700] Single Buffer requirement not met.
display  D   display_settings.c:214  debug_display_settings           [   0.14701] color: 32 (rgba 8880), depth: 24, stencil: 0, acc: 0000, samples: 2/1
display  D   display_settings.c:400  _al_score_display_settings       [   0.14703] Single Buffer requirement not met.
display  D   display_settings.c:214  debug_display_settings           [   0.14705] color: 32 (rgba 8880), depth: 24, stencil: 0, acc: 0000, samples: 3/1
display  D   display_settings.c:400  _al_score_display_settings       [   0.14708] Single Buffer requirement not met.
display  D   display_settings.c:214  debug_display_settings           [   0.14710] color: 32 (rgba 8880), depth: 24, stencil: 0, acc: 0000, samples: 4/1
display  D   display_settings.c:400  _al_score_display_settings       [   0.14712] Single Buffer requirement not met.
display  D   display_settings.c:214  debug_display_settings           [   0.14714] color: 32 (rgba 8880), depth: 16, stencil: 0, acc: 0000, samples: 0/0
display  D   display_settings.c:400  _al_score_display_settings       [   0.14716] Single Buffer requirement not met.
display  D   display_settings.c:214  debug_display_settings           [   0.14717] color: 32 (rgba 8880), depth: 16, stencil: 0, acc: 0000, samples: 0/0
display  D   display_settings.c:400  _al_score_display_settings       [   0.14719] Single Buffer requirement not met.
display  D   display_settings.c:214  debug_display_settings           [   0.14721] color: 32 (rgba 8880), depth: 16, stencil: 0, acc: 0000, samples: 2/1
display  D   display_settings.c:400  _al_score_display_settings       [   0.14723] Single Buffer requirement not met.
display  D   display_settings.c:214  debug_display_settings           [   0.14725] color: 32 (rgba 8880), depth: 16, stencil: 0, acc: 0000, samples: 3/1
display  D   display_settings.c:400  _al_score_display_settings       [   0.14727] Single Buffer requirement not met.
display  D   display_settings.c:214  debug_display_settings           [   0.14729] color: 32 (rgba 8880), depth: 16, stencil: 0, acc: 0000, samples: 4/1
display  D   display_settings.c:400  _al_score_display_settings       [   0.14731] Single Buffer requirement not met.
display  D   display_settings.c:214  debug_display_settings           [   0.14733] color: 16 (rgba 5650), depth: 0, stencil: 0, acc: 0000, samples: 0/0
display  D   display_settings.c:400  _al_score_display_settings       [   0.14735] Single Buffer requirement not met.
display  D   display_settings.c:214  debug_display_settings           [   0.14737] color: 16 (rgba 5650), depth: 0, stencil: 0, acc: 0000, samples: 0/0
display  D   display_settings.c:400  _al_score_display_settings       [   0.14739] Single Buffer requirement not met.
display  D   display_settings.c:214  debug_display_settings           [   0.14740] color: 16 (rgba 5650), depth: 0, stencil: 0, acc: 0000, samples: 2/1
display  D   display_settings.c:400  _al_score_display_settings       [   0.14742] Single Buffer requirement not met.
display  D   display_settings.c:214  debug_display_settings           [   0.14744] color: 16 (rgba 5650), depth: 0, stencil: 0, acc: 0000, samples: 3/1
display  D   display_settings.c:400  _al_score_display_settings       [   0.14746] Single Buffer requirement not met.
display  D   display_settings.c:214  debug_display_settings           [   0.14748] color: 16 (rgba 5650), depth: 0, stencil: 0, acc: 0000, samples: 4/1
display  D   display_settings.c:400  _al_score_display_settings       [   0.14750] Single Buffer requirement not met.
display  D   display_settings.c:214  debug_display_settings           [   0.14752] color: 16 (rgba 5650), depth: 24, stencil: 8, acc: 0000, samples: 0/0
display  D   display_settings.c:400  _al_score_display_settings       [   0.14754] Single Buffer requirement not met.
display  D   display_settings.c:214  debug_display_settings           [   0.14758] color: 16 (rgba 5650), depth: 24, stencil: 8, acc: 0000, samples: 0/0
display  D   display_settings.c:400  _al_score_display_settings       [   0.14760] Single Buffer requirement not met.
display  D   display_settings.c:214  debug_display_settings           [   0.14762] color: 16 (rgba 5650), depth: 24, stencil: 8, acc: 0000, samples: 2/1
display  D   display_settings.c:400  _al_score_display_settings       [   0.14764] Single Buffer requirement not met.
display  D   display_settings.c:214  debug_display_settings           [   0.14766] color: 16 (rgba 5650), depth: 24, stencil: 8, acc: 0000, samples: 3/1
display  D   display_settings.c:400  _al_score_display_settings       [   0.14768] Single Buffer requirement not met.
display  D   display_settings.c:214  debug_display_settings           [   0.14770] color: 16 (rgba 5650), depth: 24, stencil: 8, acc: 0000, samples: 4/1
display  D   display_settings.c:400  _al_score_display_settings       [   0.14772] Single Buffer requirement not met.
display  D   display_settings.c:214  debug_display_settings           [   0.14774] color: 16 (rgba 5650), depth: 24, stencil: 0, acc: 0000, samples: 0/0
display  D   display_settings.c:400  _al_score_display_settings       [   0.14776] Single Buffer requirement not met.
display  D   display_settings.c:214  debug_display_settings           [   0.14778] color: 16 (rgba 5650), depth: 24, stencil: 0, acc: 0000, samples: 0/0
display  D   display_settings.c:400  _al_score_display_settings       [   0.14780] Single Buffer requirement not met.
display  D   display_settings.c:214  debug_display_settings           [   0.14782] color: 16 (rgba 5650), depth: 24, stencil: 0, acc: 0000, samples: 2/1
display  D   display_settings.c:400  _al_score_display_settings       [   0.14784] Single Buffer requirement not met.
display  D   display_settings.c:214  debug_display_settings           [   0.14785] color: 16 (rgba 5650), depth: 24, stencil: 0, acc: 0000, samples: 3/1
display  D   display_settings.c:400  _al_score_display_settings       [   0.14787] Single Buffer requirement not met.
display  D   display_settings.c:214  debug_display_settings           [   0.14789] color: 16 (rgba 5650), depth: 24, stencil: 0, acc: 0000, samples: 4/1
display  D   display_settings.c:400  _al_score_display_settings       [   0.14791] Single Buffer requirement not met.
display  D   display_settings.c:214  debug_display_settings           [   0.14794] color: 16 (rgba 5650), depth: 16, stencil: 0, acc: 0000, samples: 0/0
display  D   display_settings.c:400  _al_score_display_settings       [   0.14796] Single Buffer requirement not met.
display  D   display_settings.c:214  debug_display_settings           [   0.14798] color: 16 (rgba 5650), depth: 16, stencil: 0, acc: 0000, samples: 0/0
display  D   display_settings.c:400  _al_score_display_settings       [   0.14800] Single Buffer requirement not met.
display  D   display_settings.c:214  debug_display_settings           [   0.14802] color: 16 (rgba 5650), depth: 16, stencil: 0, acc: 0000, samples: 2/1
display  D   display_settings.c:400  _al_score_display_settings       [   0.14803] Single Buffer requirement not met.
display  D   display_settings.c:214  debug_display_settings           [   0.14805] color: 16 (rgba 5650), depth: 16, stencil: 0, acc: 0000, samples: 3/1
display  D   display_settings.c:400  _al_score_display_settings       [   0.14807] Single Buffer requirement not met.
display  D   display_settings.c:214  debug_display_settings           [   0.14809] color: 16 (rgba 5650), depth: 16, stencil: 0, acc: 0000, samples: 4/1
display  D   display_settings.c:400  _al_score_display_settings       [   0.14811] Single Buffer requirement not met.
d3d      D         d3d_disp.cpp:1677 d3d_create_display_internals     [   0.14816] Trying format 0.
d3d      I         d3d_disp.cpp:1353 d3d_display_thread_proc          [   0.14853] Chose a display format: 23
d3d      I         d3d_disp.cpp:1422 d3d_display_thread_proc          [   0.14859] Normal window.
d3d      I         d3d_disp.cpp:786  d3d_create_device                [   0.18279] Using no depth stencil buffer
d3d      D         d3d_disp.cpp:848  d3d_create_device                [   0.32336] BeginScene succeeded in create_device
d3d      D         d3d_disp.cpp:856  d3d_create_device                [   0.32343] Success
d3d      D         d3d_disp.cpp:1703 d3d_create_display_internals     [   0.32351] Resumed after wait.
d3d      I         d3d_disp.cpp:1736 d3d_create_display_internals     [   0.32360] Format 0 succeeded.
d3d      D         d3d_disp.cpp:1767 d3d_create_display_internals     [   0.32365] Returning d3d_display: 00000000010aa190
d3d      D         d3d_disp.cpp:1792 d3d_create_display_locked        [   0.32368] al_display=00000000010aa190
d3d      D         d3d_disp.cpp:1793 d3d_create_display_locked        [   0.32370] al_display->vt=00000000010aa010
system   W            wsystem.c:896  _al_win_safe_load_library        [   0.32516] PathFindOnPath failed to find d3dx9_43.dll
system   W            wsystem.c:896  _al_win_safe_load_library        [   0.32627] PathFindOnPath failed to find d3dx9_42.dll
system   W            wsystem.c:896  _al_win_safe_load_library        [   0.32727] PathFindOnPath failed to find d3dx9_41.dll
system   W            wsystem.c:896  _al_win_safe_load_library        [   0.32817] PathFindOnPath failed to find d3dx9_40.dll
system   W            wsystem.c:896  _al_win_safe_load_library        [   0.32953] PathFindOnPath failed to find d3dx9_39.dll
system   W            wsystem.c:896  _al_win_safe_load_library        [   0.33042] PathFindOnPath failed to find d3dx9_38.dll
system   W            wsystem.c:896  _al_win_safe_load_library        [   0.33130] PathFindOnPath failed to find d3dx9_37.dll
system   W            wsystem.c:896  _al_win_safe_load_library        [   0.33216] PathFindOnPath failed to find d3dx9_36.dll
system   W            wsystem.c:896  _al_win_safe_load_library        [   0.33306] PathFindOnPath failed to find d3dx9_35.dll
system   W            wsystem.c:896  _al_win_safe_load_library        [   0.33394] PathFindOnPath failed to find d3dx9_34.dll
system   W            wsystem.c:896  _al_win_safe_load_library        [   0.33507] PathFindOnPath failed to find d3dx9_33.dll
system   W            wsystem.c:896  _al_win_safe_load_library        [   0.33596] PathFindOnPath failed to find d3dx9_32.dll
system   W            wsystem.c:896  _al_win_safe_load_library        [   0.33685] PathFindOnPath failed to find d3dx9_31.dll
system   W            wsystem.c:896  _al_win_safe_load_library        [   0.33770] PathFindOnPath failed to find d3dx9_30.dll
system   W            wsystem.c:896  _al_win_safe_load_library        [   0.33855] PathFindOnPath failed to find d3dx9_29.dll
system   W            wsystem.c:896  _al_win_safe_load_library        [   0.33944] PathFindOnPath failed to find d3dx9_28.dll
system   W            wsystem.c:896  _al_win_safe_load_library        [   0.34033] PathFindOnPath failed to find d3dx9_27.dll
system   W            wsystem.c:896  _al_win_safe_load_library        [   0.34140] PathFindOnPath failed to find d3dx9_26.dll
system   W            wsystem.c:896  _al_win_safe_load_library        [   0.34282] PathFindOnPath failed to find d3dx9_25.dll
system   W            wsystem.c:896  _al_win_safe_load_library        [   0.34379] PathFindOnPath failed to find d3dx9_24.dll
d3dx9    E        d3d_d3dx9.cpp:121  _al_load_d3dx9_module            [   0.34383] Failed to load D3DX9 library. Library is not installed.
dtor     D               dtor.c:196  _al_register_destructor          [   0.34395] added dtor for queue 00000000026ebff0, func 00007ffa51dfcd4e
dtor     D               dtor.c:196  _al_register_destructor          [   0.34399] added dtor for timer 00000000026ec0c0, func 00007ffa51e10ffa
stdio    D         file_stdio.c:107  file_stdio_fopen                 [   0.34403] opening ../../fontes/arial.ttf rb
font     D                ttf.c:971  al_load_ttf_font_stretch_f       [   0.34478] Font ../../fontes/arial.ttf loaded with pixel size 0 x 20.
font     D                ttf.c:973  al_load_ttf_font_stretch_f       [   0.34483]     ascent=19.0, descent=-5.0, height=23.0
dtor     D               dtor.c:196  _al_register_destructor          [   0.34489] added dtor for ttf_font 00000000026e9430, func 00007ffa51f24a10
audio-dsound D           dsound.cpp:322  _dsound_allocate_voice           [   0.34493] Allocating voice
audio-dsound D           dsound.cpp:381  _dsound_allocate_voice           [   0.34496] Allocated voice
dtor     D               dtor.c:196  _al_register_destructor          [   0.34498] added dtor for voice 00000000026e7210, func 00007ffa51f35bf2
dtor     D               dtor.c:196  _al_register_destructor          [   0.34502] added dtor for mixer 00000000026eddf0, func 00007ffa51f30d58
audio-dsound D           dsound.cpp:477  _dsound_start_voice              [   0.34505] Starting voice
audio-dsound D           dsound.cpp:505  _dsound_start_voice              [   0.34507] CreateSoundBuffer
audio-dsound D           dsound.cpp:513  _dsound_start_voice              [   0.34770] CreateSoundBuffer succeeded
audio-dsound D           dsound.cpp:519  _dsound_start_voice              [   0.34775] Starting _dsound_update thread
audio-dsound I           dsound.cpp:529  _dsound_start_voice              [   0.34782] Voice started
dtor     D               dtor.c:196  _al_register_destructor          [   0.34785] added dtor for sample_instance 00000000026ee310, func 00007ffa51f2997c
audio    D          kcm_mixer.c:121  _al_rechannel_matrix             [   0.34788] sample matrix:
audio    D          kcm_mixer.c:127  _al_rechannel_matrix             [   0.34791] 
audio    D          kcm_mixer.c:127  _al_rechannel_matrix             [   0.34793] 
stdio    D         file_stdio.c:107  file_stdio_fopen                 [   0.34795] opening ../../sons/sound.wav rb
stdio    D         file_stdio.c:107  file_stdio_fopen                 [   0.34811] opening ../../sons/sound.wav rb
wav      E                wav.c:121  wav_open                         [   0.34821] Bad RIFF type.
dtor     D               dtor.c:196  _al_register_destructor          [   0.34825] added dtor for sample 00000000026e92b0, func 00007ffa51f323d8
dtor     D               dtor.c:196  _al_register_destructor          [   0.34873] added dtor for sample_instance 00000000026ee030, func 00007ffa51f2997c
audio    D          kcm_mixer.c:121  _al_rechannel_matrix             [   0.34876] sample matrix:
audio    D          kcm_mixer.c:127  _al_rechannel_matrix             [   0.34879]  0.707107 0.000000
audio    D          kcm_mixer.c:127  _al_rechannel_matrix             [   0.34881]  0.000000 0.707107
stdio    D         file_stdio.c:107  file_stdio_fopen                 [   0.34886] opening ../../sprites/sprite.png rb
stdio    D         file_stdio.c:107  file_stdio_fopen                 [   0.34902] opening ../../sprites/sprite.png rb
d3d      D         d3d_disp.cpp:1197 real_choose_bitmap_format        [   0.34919] Fake format
d3d      D         d3d_disp.cpp:1197 real_choose_bitmap_format        [   0.34922] Fake format
d3d      D         d3d_disp.cpp:1197 real_choose_bitmap_format        [   0.34924] Fake format
d3d      D         d3d_disp.cpp:1197 real_choose_bitmap_format        [   0.34926] Fake format
d3d      D         d3d_disp.cpp:1197 real_choose_bitmap_format        [   0.34928] Fake format
d3d      D         d3d_disp.cpp:1197 real_choose_bitmap_format        [   0.34929] Fake format
d3d      D         d3d_disp.cpp:1197 real_choose_bitmap_format        [   0.34931] Fake format
d3d      D         d3d_disp.cpp:1197 real_choose_bitmap_format        [   0.34933] Fake format
d3d      D         d3d_disp.cpp:1197 real_choose_bitmap_format        [   0.34935] Fake format
d3d      D         d3d_disp.cpp:1205 real_choose_bitmap_format        [   0.34937] Alpha doesn't match
d3d      D         d3d_disp.cpp:1212 real_choose_bitmap_format        [   0.34939] Adapter format is 23
d3d      D         d3d_disp.cpp:1215 real_choose_bitmap_format        [   0.34941] Found a format
d3d      I         d3d_disp.cpp:2386 d3d_create_bitmap                [   0.34943] Chose bitmap format 9
dtor     D               dtor.c:196  _al_register_destructor          [   0.35016] added dtor for bitmap 0000000002787780, func 00007ffa51dd1bf8
d3d      D          d3d_bmp.cpp:539  _al_d3d_sync_bitmap              [   0.35469] _al_d3d_sync_bitmap (system) ref count == 1
d3d      D          d3d_bmp.cpp:545  _al_d3d_sync_bitmap              [   0.35474] _al_d3d_sync_bitmap (video) ref count == 1
d3d      D         d3d_disp.cpp:1197 real_choose_bitmap_format        [   0.39449] Fake format
d3d      D         d3d_disp.cpp:1197 real_choose_bitmap_format        [   0.39455] Fake format
d3d      D         d3d_disp.cpp:1197 real_choose_bitmap_format        [   0.39458] Fake format
d3d      D         d3d_disp.cpp:1197 real_choose_bitmap_format        [   0.39460] Fake format
d3d      D         d3d_disp.cpp:1197 real_choose_bitmap_format        [   0.39462] Fake format
d3d      D         d3d_disp.cpp:1197 real_choose_bitmap_format        [   0.39464] Fake format
d3d      D         d3d_disp.cpp:1197 real_choose_bitmap_format        [   0.39465] Fake format
d3d      D         d3d_disp.cpp:1197 real_choose_bitmap_format        [   0.39467] Fake format
d3d      D         d3d_disp.cpp:1197 real_choose_bitmap_format        [   0.39469] Fake format
d3d      D         d3d_disp.cpp:1205 real_choose_bitmap_format        [   0.39471] Alpha doesn't match
d3d      D         d3d_disp.cpp:1212 real_choose_bitmap_format        [   0.39473] Adapter format is 23
d3d      D         d3d_disp.cpp:1215 real_choose_bitmap_format        [   0.39475] Found a format
d3d      I         d3d_disp.cpp:2386 d3d_create_bitmap                [   0.39477] Chose bitmap format 9
font     D                ttf.c:243  alloc_glyph_region               [   0.39526] Glyph 38: 17x19 (20x20)
font     D                ttf.c:287  alloc_glyph_region               [   0.39530] Locking glyph region: 00000000026ee150 0 0 20 20
font     D                ttf.c:167  unlock_current_page              [   0.39983] Unlocking page: 00000000026ee150
font     D                ttf.c:243  alloc_glyph_region               [   0.39994] Glyph 79: 7x19 (8x20)
font     D                ttf.c:287  alloc_glyph_region               [   0.39997] Locking glyph region: 00000000026ee150 20 0 8 20
font     D                ttf.c:167  unlock_current_page              [   0.40002] Unlocking page: 00000000026ee150
font     D                ttf.c:243  alloc_glyph_region               [   0.40009] Glyph 76: 7x19 (8x20)
font     D                ttf.c:287  alloc_glyph_region               [   0.40011] Locking glyph region: 00000000026ee150 28 0 8 20
font     D                ttf.c:167  unlock_current_page              [   0.40014] Unlocking page: 00000000026ee150
font     D                ttf.c:243  alloc_glyph_region               [   0.40023] Glyph 84: 14x19 (16x20)
font     D                ttf.c:287  alloc_glyph_region               [   0.40025] Locking glyph region: 00000000026ee150 36 0 16 20
font     D                ttf.c:167  unlock_current_page              [   0.40028] Unlocking page: 00000000026ee150
font     D                ttf.c:243  alloc_glyph_region               [   0.40035] Glyph 88: 13x15 (16x16)
font     D                ttf.c:287  alloc_glyph_region               [   0.40038] Locking glyph region: 00000000026ee150 52 0 16 16
font     D                ttf.c:167  unlock_current_page              [   0.40041] Unlocking page: 00000000026ee150
font     D                ttf.c:243  alloc_glyph_region               [   0.40049] Glyph 72: 15x15 (16x16)
font     D                ttf.c:287  alloc_glyph_region               [   0.40052] Locking glyph region: 00000000026ee150 68 0 16 16
font     D                ttf.c:167  unlock_current_page              [   0.40056] Unlocking page: 00000000026ee150
font     D                ttf.c:475  cache_glyph                      [   0.40060] Glyph 3 has zero size.
font     D                ttf.c:243  alloc_glyph_region               [   0.40067] Glyph 81: 13x15 (16x16)
font     D                ttf.c:287  alloc_glyph_region               [   0.40069] Locking glyph region: 00000000026ee150 84 0 16 16
font     D                ttf.c:167  unlock_current_page              [   0.40075] Unlocking page: 00000000026ee150
font     D                ttf.c:243  alloc_glyph_region               [   0.40083] Glyph 82: 15x15 (16x16)
font     D                ttf.c:287  alloc_glyph_region               [   0.40086] Locking glyph region: 00000000026ee150 100 0 16 16
font     D                ttf.c:167  unlock_current_page              [   0.40089] Unlocking page: 00000000026ee150
font     D                ttf.c:243  alloc_glyph_region               [   0.40098] Glyph 69: 14x19 (16x20)
font     D                ttf.c:287  alloc_glyph_region               [   0.40101] Locking glyph region: 00000000026ee150 116 0 16 20
font     D                ttf.c:167  unlock_current_page              [   0.40105] Unlocking page: 00000000026ee150
font     D                ttf.c:243  alloc_glyph_region               [   0.40113] Glyph 87: 10x19 (12x20)
font     D                ttf.c:287  alloc_glyph_region               [   0.40115] Locking glyph region: 00000000026ee150 132 0 12 20
font     D                ttf.c:167  unlock_current_page              [   0.40118] Unlocking page: 00000000026ee150
font     D                ttf.c:243  alloc_glyph_region               [   0.40135] Glyph 109: 15x18 (16x20)
font     D                ttf.c:287  alloc_glyph_region               [   0.40138] Locking glyph region: 00000000026ee150 144 0 16 20
font     D                ttf.c:167  unlock_current_page              [   0.40143] Unlocking page: 00000000026ee150
font     D                ttf.c:243  alloc_glyph_region               [   0.40151] Glyph 83: 14x19 (16x20)
font     D                ttf.c:287  alloc_glyph_region               [   0.40154] Locking glyph region: 00000000026ee150 160 0 16 20
font     D                ttf.c:167  unlock_current_page              [   0.40158] Unlocking page: 00000000026ee150
font     D                ttf.c:243  alloc_glyph_region               [   0.40167] Glyph 68: 15x15 (16x16)
font     D                ttf.c:287  alloc_glyph_region               [   0.40170] Locking glyph region: 00000000026ee150 176 0 16 16
font     D                ttf.c:167  unlock_current_page              [   0.40174] Unlocking page: 00000000026ee150
font     D                ttf.c:243  alloc_glyph_region               [   0.40180] Glyph 85: 10x15 (12x16)
font     D                ttf.c:287  alloc_glyph_region               [   0.40183] Locking glyph region: 00000000026ee150 192 0 12 16
font     D                ttf.c:167  unlock_current_page              [   0.40188] Unlocking page: 00000000026ee150
font     D                ttf.c:243  alloc_glyph_region               [   0.40197] Glyph 70: 14x15 (16x16)
font     D                ttf.c:287  alloc_glyph_region               [   0.40200] Locking glyph region: 00000000026ee150 204 0 16 16
font     D                ttf.c:167  unlock_current_page              [   0.40202] Unlocking page: 00000000026ee150
font     D                ttf.c:243  alloc_glyph_region               [   0.40210] Glyph 18: 10x19 (12x20)
font     D                ttf.c:287  alloc_glyph_region               [   0.40212] Locking glyph region: 00000000026ee150 220 0 12 20
font     D                ttf.c:167  unlock_current_page              [   0.40215] Unlocking page: 00000000026ee150
font     D                ttf.c:243  alloc_glyph_region               [   0.40224] Glyph 86: 14x15 (16x16)
font     D                ttf.c:287  alloc_glyph_region               [   0.40226] Locking glyph region: 00000000026ee150 232 0 16 16
font     D                ttf.c:167  unlock_current_page              [   0.40231] Unlocking page: 00000000026ee150
font     D                ttf.c:243  alloc_glyph_region               [   0.40240] Glyph 80: 19x15 (20x16)
font     D                ttf.c:287  alloc_glyph_region               [   0.40242] Locking glyph region: 00000000026ee150 248 0 20 16
font     D                ttf.c:167  unlock_current_page              [   0.40247] Unlocking page: 00000000026ee150
font     D                ttf.c:243  alloc_glyph_region               [   0.40319] Glyph 48: 19x19 (20x20)
font     D                ttf.c:287  alloc_glyph_region               [   0.40322] Locking glyph region: 00000000026ee150 268 0 20 20
font     D                ttf.c:167  unlock_current_page              [   0.40325] Unlocking page: 00000000026ee150
font     D                ttf.c:243  alloc_glyph_region               [   0.40332] Glyph 29: 7x14 (8x16)
font     D                ttf.c:287  alloc_glyph_region               [   0.40335] Locking glyph region: 00000000026ee150 288 0 8 16
font     D                ttf.c:167  unlock_current_page              [   0.40708] Unlocking page: 00000000026ee150
font     D                ttf.c:243  alloc_glyph_region               [   0.40720] Glyph 11: 9x23 (12x24)
font     D                ttf.c:287  alloc_glyph_region               [   0.40723] Locking glyph region: 00000000026ee150 296 0 12 24
font     D                ttf.c:167  unlock_current_page              [   0.40733] Unlocking page: 00000000026ee150
font     D                ttf.c:243  alloc_glyph_region               [   0.40743] Glyph 19: 15x19 (16x20)
font     D                ttf.c:287  alloc_glyph_region               [   0.40747] Locking glyph region: 00000000026ee150 308 0 16 20
font     D                ttf.c:167  unlock_current_page              [   0.40756] Unlocking page: 00000000026ee150
font     D                ttf.c:243  alloc_glyph_region               [   0.40766] Glyph 15: 7x9 (8x12)
font     D                ttf.c:287  alloc_glyph_region               [   0.40769] Locking glyph region: 00000000026ee150 324 0 8 12
font     D                ttf.c:167  unlock_current_page              [   0.40775] Unlocking page: 00000000026ee150
font     D                ttf.c:243  alloc_glyph_region               [   0.40784] Glyph 12: 9x23 (12x24)
font     D                ttf.c:287  alloc_glyph_region               [   0.40788] Locking glyph region: 00000000026ee150 332 0 12 24
font     D                ttf.c:167  unlock_current_page              [   0.40799] Unlocking page: 00000000026ee150
font     D                ttf.c:243  alloc_glyph_region               [   0.40834] Glyph 55: 16x19 (16x20)
font     D                ttf.c:287  alloc_glyph_region               [   0.40837] Locking glyph region: 00000000026ee150 344 0 16 20
font     D                ttf.c:167  unlock_current_page              [   0.40841] Unlocking page: 00000000026ee150
font     D                ttf.c:243  alloc_glyph_region               [   0.40852] Glyph 54: 17x19 (20x20)
font     D                ttf.c:287  alloc_glyph_region               [   0.40855] Locking glyph region: 00000000026ee150 360 0 20 20
font     D                ttf.c:167  unlock_current_page              [   0.41246] Unlocking page: 00000000026ee150
d3d      D          d3d_bmp.cpp:539  _al_d3d_sync_bitmap              [   0.41497] _al_d3d_sync_bitmap (system) ref count == 1
d3d      D          d3d_bmp.cpp:545  _al_d3d_sync_bitmap              [   0.41502] _al_d3d_sync_bitmap (video) ref count == 1
d3d      D          d3d_bmp.cpp:539  _al_d3d_sync_bitmap              [   0.41537] _al_d3d_sync_bitmap (system) ref count == 1
d3d      D          d3d_bmp.cpp:545  _al_d3d_sync_bitmap              [   0.41541] _al_d3d_sync_bitmap (video) ref count == 1
font     D                ttf.c:243  alloc_glyph_region               [   6.46290] Glyph 20: 10x19 (12x20)
font     D                ttf.c:287  alloc_glyph_region               [   6.46306] Locking glyph region: 00000000026ee150 380 0 12 20
font     D                ttf.c:167  unlock_current_page              [   6.46316] Unlocking page: 00000000026ee150
font     D                ttf.c:243  alloc_glyph_region               [   6.46336] Glyph 26: 15x19 (16x20)
font     D                ttf.c:287  alloc_glyph_region               [   6.46342] Locking glyph region: 00000000026ee150 392 0 16 20
font     D                ttf.c:167  unlock_current_page              [   6.46362] Unlocking page: 00000000026ee150
font     D                ttf.c:243  alloc_glyph_region               [   6.46388] Glyph 22: 15x19 (16x20)
font     D                ttf.c:287  alloc_glyph_region               [   6.46395] Locking glyph region: 00000000026ee150 408 0 16 20
font     D                ttf.c:167  unlock_current_page              [   6.46414] Unlocking page: 00000000026ee150
d3d      D          d3d_bmp.cpp:539  _al_d3d_sync_bitmap              [   6.46519] _al_d3d_sync_bitmap (system) ref count == 1
d3d      D          d3d_bmp.cpp:545  _al_d3d_sync_bitmap              [   6.46552] _al_d3d_sync_bitmap (video) ref count == 1
font     D                ttf.c:243  alloc_glyph_region               [   6.47998] Glyph 21: 15x19 (16x20)
font     D                ttf.c:287  alloc_glyph_region               [   6.48012] Locking glyph region: 00000000026ee150 424 0 16 20
font     D                ttf.c:167  unlock_current_page              [   6.48022] Unlocking page: 00000000026ee150
font     D                ttf.c:243  alloc_glyph_region               [   6.48057] Glyph 25: 15x19 (16x20)
font     D                ttf.c:287  alloc_glyph_region               [   6.48064] Locking glyph region: 00000000026ee150 440 0 16 20
font     D                ttf.c:167  unlock_current_page              [   6.48071] Unlocking page: 00000000026ee150
font     D                ttf.c:243  alloc_glyph_region               [   6.48091] Glyph 23: 15x19 (16x20)
font     D                ttf.c:287  alloc_glyph_region               [   6.48099] Locking glyph region: 00000000026ee150 456 0 16 20
font     D                ttf.c:167  unlock_current_page              [   6.48116] Unlocking page: 00000000026ee150
d3d      D          d3d_bmp.cpp:539  _al_d3d_sync_bitmap              [   6.48220] _al_d3d_sync_bitmap (system) ref count == 1
d3d      D          d3d_bmp.cpp:545  _al_d3d_sync_bitmap              [   6.48232] _al_d3d_sync_bitmap (video) ref count == 1
font     D                ttf.c:243  alloc_glyph_region               [   6.49601] Glyph 28: 15x19 (16x20)
font     D                ttf.c:287  alloc_glyph_region               [   6.49614] Locking glyph region: 00000000026ee150 472 0 16 20
font     D                ttf.c:167  unlock_current_page              [   6.49625] Unlocking page: 00000000026ee150
d3d      D          d3d_bmp.cpp:539  _al_d3d_sync_bitmap              [   6.49754] _al_d3d_sync_bitmap (system) ref count == 1
d3d      D          d3d_bmp.cpp:545  _al_d3d_sync_bitmap              [   6.49771] _al_d3d_sync_bitmap (video) ref count == 1
font     D                ttf.c:243  alloc_glyph_region               [   6.52991] Glyph 24: 15x19 (16x20)
font     D                ttf.c:287  alloc_glyph_region               [   6.53007] Locking glyph region: 00000000026ee150 488 0 16 20
font     D                ttf.c:167  unlock_current_page              [   6.53019] Unlocking page: 00000000026ee150
d3d      D          d3d_bmp.cpp:539  _al_d3d_sync_bitmap              [   6.53213] _al_d3d_sync_bitmap (system) ref count == 1
d3d      D          d3d_bmp.cpp:545  _al_d3d_sync_bitmap              [   6.53227] _al_d3d_sync_bitmap (video) ref count == 1
font     D                ttf.c:243  alloc_glyph_region               [   6.59542] Glyph 27: 15x19 (16x20)
font     D                ttf.c:287  alloc_glyph_region               [   6.59548] Locking glyph region: 00000000026ee150 0 24 16 20
font     D                ttf.c:167  unlock_current_page              [   6.59552] Unlocking page: 00000000026ee150
d3d      D          d3d_bmp.cpp:539  _al_d3d_sync_bitmap              [   6.59612] _al_d3d_sync_bitmap (system) ref count == 1
d3d      D          d3d_bmp.cpp:545  _al_d3d_sync_bitmap              [   6.59617] _al_d3d_sync_bitmap (video) ref count == 1
dtor     D               dtor.c:227  _al_unregister_destructor        [  13.35604] removed dtor for sample_instance 00000000026ee030
dtor     D               dtor.c:227  _al_unregister_destructor        [  13.35620] removed dtor for sample 00000000026e92b0
dtor     D               dtor.c:227  _al_unregister_destructor        [  13.35626] removed dtor for bitmap 0000000002787780
dtor     D               dtor.c:227  _al_unregister_destructor        [  13.35677] removed dtor for ttf_font 00000000026e9430
dtor     D               dtor.c:227  _al_unregister_destructor        [  13.35731] removed dtor for timer 00000000026ec0c0
dtor     D               dtor.c:227  _al_unregister_destructor        [  13.35739] removed dtor for queue 00000000026ebff0
d3d      I         d3d_disp.cpp:910  d3d_destroy_display              [  13.35747] destroying display 00000000010aa190 (current 0000000000000000)
d3d      D         d3d_disp.cpp:894  d3d_destroy_display_internals    [  13.35993] waiting for display 00000000010aa190's thread to end
d3d      W         d3d_disp.cpp:603  d3d_destroy_device               [  13.38973] d3d_destroy_device: ref count not 0
d3d      W         d3d_disp.cpp:603  d3d_destroy_device               [  13.38980] d3d_destroy_device: ref count not 0
d3d      I         d3d_disp.cpp:1557 d3d_display_thread_proc          [  13.40595] d3d display thread exits
dtor     D               dtor.c:227  _al_unregister_destructor        [  13.40677] removed dtor for sample_instance 00000000026ee310
dtor     D               dtor.c:227  _al_unregister_destructor        [  13.40686] removed dtor for mixer 00000000026eddf0
audio-dsound D           dsound.cpp:539  _dsound_stop_voice               [  13.40690] Stopping voice
audio-dsound D           dsound.cpp:556  _dsound_stop_voice               [  13.40692] Joining thread
audio-dsound D           dsound.cpp:562  _dsound_stop_voice               [  13.40838] Joined thread
audio-dsound D           dsound.cpp:564  _dsound_stop_voice               [  13.40845] Destroying thread
audio-dsound D           dsound.cpp:566  _dsound_stop_voice               [  13.40849] Thread destroyed
audio-dsound D           dsound.cpp:573  _dsound_stop_voice               [  13.40851] Releasing buffer
audio-dsound I           dsound.cpp:577  _dsound_stop_voice               [  13.40854] Voice stopped
dtor     D               dtor.c:227  _al_unregister_destructor        [  13.40859] removed dtor for voice 00000000026e7210
audio-dsound D           dsound.cpp:391  _dsound_deallocate_voice         [  13.40861] Deallocating voice
audio-dsound D           dsound.cpp:396  _dsound_deallocate_voice         [  13.40863] Deallocated voice
audio-dsound D           dsound.cpp:304  _dsound_close                    [  13.40866] Releasing device
audio-dsound D           dsound.cpp:309  _dsound_close                    [  13.41831] Released device
audio-dsound I           dsound.cpp:310  _dsound_close                    [  13.41836] DirectSound closed
